app/build/intermediates/manifest_merge_blame_file/debug/processDebugMainManifest/manifest-merger-blame-debug-report.txt
1<?xml version="1.0" encoding="utf-8"?>
2<manifest xmlns:android="http://schemas.android.com/apk/res/android"
3    package="com.example.daat"
4    android:versionCode="1"
5    android:versionName="1.0" >
6
7    <uses-sdk
8        android:minSdkVersion="24"
9        android:targetSdkVersion="35" />
10
11    <uses-feature android:name="android.hardware.camera" />
11-->src\main\AndroidManifest.xml:5:5-60
11-->src\main\AndroidManifest.xml:5:19-57
12
13    <uses-permission android:name="android.permission.CAMERA" />
13-->src\main\AndroidManifest.xml:6:5-65
13-->src\main\AndroidManifest.xml:6:22-62
14    <uses-permission android:name="android.permission.VIBRATE" />
14-->src\main\AndroidManifest.xml:7:5-66
14-->src\main\AndroidManifest.xml:7:22-63
15
16    <queries>
16-->[androidx.camera:camera-extensions:1.4.1] AndroidManifest.xml:22:5-26:15
17        <intent>
17-->[androidx.camera:camera-extensions:1.4.1] AndroidManifest.xml:23:9-25:18
18            <action android:name="androidx.camera.extensions.action.VENDOR_ACTION" />
18-->[androidx.camera:camera-extensions:1.4.1] AndroidManifest.xml:24:13-86
18-->[androidx.camera:camera-extensions:1.4.1] AndroidManifest.xml:24:21-83
19        </intent>
20    </queries>
21
22    <permission
22-->[androidx.core:core:1.15.0] AndroidManifest.xml:22:5-24:47
23        android:name="com.example.daat.DYNAMIC_RECEIVER_NOT_EXPORTED_PERMISSION"
23-->[androidx.core:core:1.15.0] AndroidManifest.xml:23:9-81
24        android:protectionLevel="signature" />
24-->[androidx.core:core:1.15.0] AndroidManifest.xml:24:9-44
25
26    <uses-permission android:name="com.example.daat.DYNAMIC_RECEIVER_NOT_EXPORTED_PERMISSION" /> <!-- Although the *SdkVersion is captured in gradle build files, this is required for non gradle builds -->
26-->[androidx.core:core:1.15.0] AndroidManifest.xml:26:5-97
26-->[androidx.core:core:1.15.0] AndroidManifest.xml:26:22-94
27    <!-- <uses-sdk android:minSdkVersion="14"/> -->
28    <uses-permission android:name="android.permission.ACCESS_NETWORK_STATE" />
28-->[com.google.android.datatransport:transport-backend-cct:2.3.3] AndroidManifest.xml:25:5-79
28-->[com.google.android.datatransport:transport-backend-cct:2.3.3] AndroidManifest.xml:25:22-76
29    <uses-permission android:name="android.permission.INTERNET" />
29-->[com.google.android.datatransport:transport-backend-cct:2.3.3] AndroidManifest.xml:26:5-67
29-->[com.google.android.datatransport:transport-backend-cct:2.3.3] AndroidManifest.xml:26:22-64
30
31    <application
31-->src\main\AndroidManifest.xml:9:5-29:19
32        android:allowBackup="true"
32-->src\main\AndroidManifest.xml:10:9-35
33        android:appComponentFactory="androidx.core.app.CoreComponentFactory"
33-->[androidx.core:core:1.15.0] AndroidManifest.xml:28:18-86
34        android:dataExtractionRules="@xml/data_extraction_rules"
34-->src\main\AndroidManifest.xml:11:9-65
35        android:debuggable="true"
36        android:extractNativeLibs="false"
37        android:fullBackupContent="@xml/backup_rules"
37-->src\main\AndroidManifest.xml:12:9-54
38        android:icon="@mipmap/ic_launcher"
38-->src\main\AndroidManifest.xml:13:9-43
39        android:label="@string/app_name"
39-->src\main\AndroidManifest.xml:14:9-41
40        android:roundIcon="@mipmap/ic_launcher_round"
40-->src\main\AndroidManifest.xml:15:9-54
41        android:supportsRtl="true"
41-->src\main\AndroidManifest.xml:16:9-35
42        android:theme="@style/Theme.DAAT" >
42-->src\main\AndroidManifest.xml:17:9-42
43        <activity
43-->src\main\AndroidManifest.xml:18:9-28:20
44            android:name="com.example.daat.MainActivity"
44-->src\main\AndroidManifest.xml:19:13-41
45            android:exported="true"
45-->src\main\AndroidManifest.xml:20:13-36
46            android:label="@string/app_name"
46-->src\main\AndroidManifest.xml:21:13-45
47            android:theme="@style/Theme.DAAT" >
47-->src\main\AndroidManifest.xml:22:13-46
48            <intent-filter>
48-->src\main\AndroidManifest.xml:23:13-27:29
49                <action android:name="android.intent.action.MAIN" />
49-->src\main\AndroidManifest.xml:24:17-69
49-->src\main\AndroidManifest.xml:24:25-66
50
51                <category android:name="android.intent.category.LAUNCHER" />
51-->src\main\AndroidManifest.xml:26:17-77
51-->src\main\AndroidManifest.xml:26:27-74
52            </intent-filter>
53        </activity>
54        <activity
54-->[androidx.compose.ui:ui-tooling-android:1.7.7] AndroidManifest.xml:23:9-25:39
55            android:name="androidx.compose.ui.tooling.PreviewActivity"
55-->[androidx.compose.ui:ui-tooling-android:1.7.7] AndroidManifest.xml:24:13-71
56            android:exported="true" />
56-->[androidx.compose.ui:ui-tooling-android:1.7.7] AndroidManifest.xml:25:13-36
57        <activity
57-->[androidx.compose.ui:ui-test-manifest:1.7.7] AndroidManifest.xml:23:9-25:39
58            android:name="androidx.activity.ComponentActivity"
58-->[androidx.compose.ui:ui-test-manifest:1.7.7] AndroidManifest.xml:24:13-63
59            android:exported="true" />
59-->[androidx.compose.ui:ui-test-manifest:1.7.7] AndroidManifest.xml:25:13-36
60
61        <uses-library
61-->[androidx.camera:camera-extensions:1.4.1] AndroidManifest.xml:29:9-31:40
62            android:name="androidx.camera.extensions.impl"
62-->[androidx.camera:camera-extensions:1.4.1] AndroidManifest.xml:30:13-59
63            android:required="false" />
63-->[androidx.camera:camera-extensions:1.4.1] AndroidManifest.xml:31:13-37
64
65        <service
65-->[androidx.camera:camera-camera2:1.4.1] AndroidManifest.xml:24:9-33:19
66            android:name="androidx.camera.core.impl.MetadataHolderService"
66-->[androidx.camera:camera-camera2:1.4.1] AndroidManifest.xml:25:13-75
67            android:enabled="false"
67-->[androidx.camera:camera-camera2:1.4.1] AndroidManifest.xml:26:13-36
68            android:exported="false" >
68-->[androidx.camera:camera-camera2:1.4.1] AndroidManifest.xml:27:13-37
69            <meta-data
69-->[androidx.camera:camera-camera2:1.4.1] AndroidManifest.xml:30:13-32:89
70                android:name="androidx.camera.core.impl.MetadataHolderService.DEFAULT_CONFIG_PROVIDER"
70-->[androidx.camera:camera-camera2:1.4.1] AndroidManifest.xml:31:17-103
71                android:value="androidx.camera.camera2.Camera2Config$DefaultProvider" />
71-->[androidx.camera:camera-camera2:1.4.1] AndroidManifest.xml:32:17-86
72        </service>
73        <service
73-->[com.google.android.gms:play-services-mlkit-barcode-scanning:18.1.0] AndroidManifest.xml:9:9-15:19
74            android:name="com.google.mlkit.common.internal.MlKitComponentDiscoveryService"
74-->[com.google.android.gms:play-services-mlkit-barcode-scanning:18.1.0] AndroidManifest.xml:10:13-91
75            android:directBootAware="true"
75-->[com.google.mlkit:common:18.6.0] AndroidManifest.xml:17:13-43
76            android:exported="false" >
76-->[com.google.android.gms:play-services-mlkit-barcode-scanning:18.1.0] AndroidManifest.xml:11:13-37
77            <meta-data
77-->[com.google.android.gms:play-services-mlkit-barcode-scanning:18.1.0] AndroidManifest.xml:12:13-14:85
78                android:name="com.google.firebase.components:com.google.mlkit.vision.barcode.internal.BarcodeRegistrar"
78-->[com.google.android.gms:play-services-mlkit-barcode-scanning:18.1.0] AndroidManifest.xml:13:17-120
79                android:value="com.google.firebase.components.ComponentRegistrar" />
79-->[com.google.android.gms:play-services-mlkit-barcode-scanning:18.1.0] AndroidManifest.xml:14:17-82
80            <meta-data
80-->[com.google.mlkit:vision-common:17.3.0] AndroidManifest.xml:12:13-14:85
81                android:name="com.google.firebase.components:com.google.mlkit.vision.common.internal.VisionCommonRegistrar"
81-->[com.google.mlkit:vision-common:17.3.0] AndroidManifest.xml:13:17-124
82                android:value="com.google.firebase.components.ComponentRegistrar" />
82-->[com.google.mlkit:vision-common:17.3.0] AndroidManifest.xml:14:17-82
83            <meta-data
83-->[com.google.mlkit:common:18.6.0] AndroidManifest.xml:20:13-22:85
84                android:name="com.google.firebase.components:com.google.mlkit.common.internal.CommonComponentRegistrar"
84-->[com.google.mlkit:common:18.6.0] AndroidManifest.xml:21:17-120
85                android:value="com.google.firebase.components.ComponentRegistrar" />
85-->[com.google.mlkit:common:18.6.0] AndroidManifest.xml:22:17-82
86        </service>
87
88        <provider
88-->[com.google.mlkit:common:18.6.0] AndroidManifest.xml:9:9-13:38
89            android:name="com.google.mlkit.common.internal.MlKitInitProvider"
89-->[com.google.mlkit:common:18.6.0] AndroidManifest.xml:10:13-78
90            android:authorities="com.example.daat.mlkitinitprovider"
90-->[com.google.mlkit:common:18.6.0] AndroidManifest.xml:11:13-69
91            android:exported="false"
91-->[com.google.mlkit:common:18.6.0] AndroidManifest.xml:12:13-37
92            android:initOrder="99" />
92-->[com.google.mlkit:common:18.6.0] AndroidManifest.xml:13:13-35
93
94        <activity
94-->[com.google.android.gms:play-services-base:18.1.0] AndroidManifest.xml:20:9-22:45
95            android:name="com.google.android.gms.common.api.GoogleApiActivity"
95-->[com.google.android.gms:play-services-base:18.1.0] AndroidManifest.xml:20:19-85
96            android:exported="false"
96-->[com.google.android.gms:play-services-base:18.1.0] AndroidManifest.xml:22:19-43
97            android:theme="@android:style/Theme.Translucent.NoTitleBar" />
97-->[com.google.android.gms:play-services-base:18.1.0] AndroidManifest.xml:21:19-78
98
99        <meta-data
99-->[com.google.android.gms:play-services-basement:18.1.0] AndroidManifest.xml:21:9-23:69
100            android:name="com.google.android.gms.version"
100-->[com.google.android.gms:play-services-basement:18.1.0] AndroidManifest.xml:22:13-58
101            android:value="@integer/google_play_services_version" />
101-->[com.google.android.gms:play-services-basement:18.1.0] AndroidManifest.xml:23:13-66
102
103        <provider
103-->[androidx.emoji2:emoji2:1.3.0] AndroidManifest.xml:24:9-32:20
104            android:name="androidx.startup.InitializationProvider"
104-->[androidx.emoji2:emoji2:1.3.0] AndroidManifest.xml:25:13-67
105            android:authorities="com.example.daat.androidx-startup"
105-->[androidx.emoji2:emoji2:1.3.0] AndroidManifest.xml:26:13-68
106            android:exported="false" >
106-->[androidx.emoji2:emoji2:1.3.0] AndroidManifest.xml:27:13-37
107            <meta-data
107-->[androidx.emoji2:emoji2:1.3.0] AndroidManifest.xml:29:13-31:52
108                android:name="androidx.emoji2.text.EmojiCompatInitializer"
108-->[androidx.emoji2:emoji2:1.3.0] AndroidManifest.xml:30:17-75
109                android:value="androidx.startup" />
109-->[androidx.emoji2:emoji2:1.3.0] AndroidManifest.xml:31:17-49
110            <meta-data
110-->[androidx.lifecycle:lifecycle-process:2.8.7] AndroidManifest.xml:29:13-31:52
111                android:name="androidx.lifecycle.ProcessLifecycleInitializer"
111-->[androidx.lifecycle:lifecycle-process:2.8.7] AndroidManifest.xml:30:17-78
112                android:value="androidx.startup" />
112-->[androidx.lifecycle:lifecycle-process:2.8.7] AndroidManifest.xml:31:17-49
113            <meta-data
113-->[androidx.profileinstaller:profileinstaller:1.4.0] AndroidManifest.xml:29:13-31:52
114                android:name="androidx.profileinstaller.ProfileInstallerInitializer"
114-->[androidx.profileinstaller:profileinstaller:1.4.0] AndroidManifest.xml:30:17-85
115                android:value="androidx.startup" />
115-->[androidx.profileinstaller:profileinstaller:1.4.0] AndroidManifest.xml:31:17-49
116        </provider>
117
118        <uses-library
118-->[androidx.window:window:1.3.0] AndroidManifest.xml:23:9-25:40
119            android:name="androidx.window.extensions"
119-->[androidx.window:window:1.3.0] AndroidManifest.xml:24:13-54
120            android:required="false" />
120-->[androidx.window:window:1.3.0] AndroidManifest.xml:25:13-37
121        <uses-library
121-->[androidx.window:window:1.3.0] AndroidManifest.xml:26:9-28:40
122            android:name="androidx.window.sidecar"
122-->[androidx.window:window:1.3.0] AndroidManifest.xml:27:13-51
123            android:required="false" />
123-->[androidx.window:window:1.3.0] AndroidManifest.xml:28:13-37
124
125        <receiver
125-->[androidx.profileinstaller:profileinstaller:1.4.0] AndroidManifest.xml:34:9-52:20
126            android:name="androidx.profileinstaller.ProfileInstallReceiver"
126-->[androidx.profileinstaller:profileinstaller:1.4.0] AndroidManifest.xml:35:13-76
127            android:directBootAware="false"
127-->[androidx.profileinstaller:profileinstaller:1.4.0] AndroidManifest.xml:36:13-44
128            android:enabled="true"
128-->[androidx.profileinstaller:profileinstaller:1.4.0] AndroidManifest.xml:37:13-35
129            android:exported="true"
129-->[androidx.profileinstaller:profileinstaller:1.4.0] AndroidManifest.xml:38:13-36
130            android:permission="android.permission.DUMP" >
130-->[androidx.profileinstaller:profileinstaller:1.4.0] AndroidManifest.xml:39:13-57
131            <intent-filter>
131-->[androidx.profileinstaller:profileinstaller:1.4.0] AndroidManifest.xml:40:13-42:29
132                <action android:name="androidx.profileinstaller.action.INSTALL_PROFILE" />
132-->[androidx.profileinstaller:profileinstaller:1.4.0] AndroidManifest.xml:41:17-91
132-->[androidx.profileinstaller:profileinstaller:1.4.0] AndroidManifest.xml:41:25-88
133            </intent-filter>
134            <intent-filter>
134-->[androidx.profileinstaller:profileinstaller:1.4.0] AndroidManifest.xml:43:13-45:29
135                <action android:name="androidx.profileinstaller.action.SKIP_FILE" />
135-->[androidx.profileinstaller:profileinstaller:1.4.0] AndroidManifest.xml:44:17-85
135-->[androidx.profileinstaller:profileinstaller:1.4.0] AndroidManifest.xml:44:25-82
136            </intent-filter>
137            <intent-filter>
137-->[androidx.profileinstaller:profileinstaller:1.4.0] AndroidManifest.xml:46:13-48:29
138                <action android:name="androidx.profileinstaller.action.SAVE_PROFILE" />
138-->[androidx.profileinstaller:profileinstaller:1.4.0] AndroidManifest.xml:47:17-88
138-->[androidx.profileinstaller:profileinstaller:1.4.0] AndroidManifest.xml:47:25-85
139            </intent-filter>
140            <intent-filter>
140-->[androidx.profileinstaller:profileinstaller:1.4.0] AndroidManifest.xml:49:13-51:29
141                <action android:name="androidx.profileinstaller.action.BENCHMARK_OPERATION" />
141-->[androidx.profileinstaller:profileinstaller:1.4.0] AndroidManifest.xml:50:17-95
141-->[androidx.profileinstaller:profileinstaller:1.4.0] AndroidManifest.xml:50:25-92
142            </intent-filter>
143        </receiver>
144
145        <service
145-->[com.google.android.datatransport:transport-backend-cct:2.3.3] AndroidManifest.xml:29:9-35:19
146            android:name="com.google.android.datatransport.runtime.backends.TransportBackendDiscovery"
146-->[com.google.android.datatransport:transport-backend-cct:2.3.3] AndroidManifest.xml:30:13-103
147            android:exported="false" >
147-->[com.google.android.datatransport:transport-backend-cct:2.3.3] AndroidManifest.xml:31:13-37
148            <meta-data
148-->[com.google.android.datatransport:transport-backend-cct:2.3.3] AndroidManifest.xml:32:13-34:39
149                android:name="backend:com.google.android.datatransport.cct.CctBackendFactory"
149-->[com.google.android.datatransport:transport-backend-cct:2.3.3] AndroidManifest.xml:33:17-94
150                android:value="cct" />
150-->[com.google.android.datatransport:transport-backend-cct:2.3.3] AndroidManifest.xml:34:17-36
151        </service>
152        <service
152-->[com.google.android.datatransport:transport-runtime:2.2.6] AndroidManifest.xml:26:9-30:19
153            android:name="com.google.android.datatransport.runtime.scheduling.jobscheduling.JobInfoSchedulerService"
153-->[com.google.android.datatransport:transport-runtime:2.2.6] AndroidManifest.xml:27:13-117
154            android:exported="false"
154-->[com.google.android.datatransport:transport-runtime:2.2.6] AndroidManifest.xml:28:13-37
155            android:permission="android.permission.BIND_JOB_SERVICE" >
155-->[com.google.android.datatransport:transport-runtime:2.2.6] AndroidManifest.xml:29:13-69
156        </service>
157
158        <receiver
158-->[com.google.android.datatransport:transport-runtime:2.2.6] AndroidManifest.xml:32:9-34:40
159            android:name="com.google.android.datatransport.runtime.scheduling.jobscheduling.AlarmManagerSchedulerBroadcastReceiver"
159-->[com.google.android.datatransport:transport-runtime:2.2.6] AndroidManifest.xml:33:13-132
160            android:exported="false" />
160-->[com.google.android.datatransport:transport-runtime:2.2.6] AndroidManifest.xml:34:13-37
161    </application>
162
163</manifest>